build/outputs/logs/manifest-merger-debug-report.txt
-- Merging decision tree log ---
manifest
ADDED from src/main/AndroidManifest.xml:2:1-318:12
INJECTED from src/main/AndroidManifest.xml:2:1-318:12
INJECTED from src/main/AndroidManifest.xml:2:1-318:12
INJECTED from src/main/AndroidManifest.xml:2:1-318:12
MERGED from [:uilibs] AndroidManifest.xml:2:1-41:12
MERGED from [com.zxy.android:recovery:0.1.4] AndroidManifest.xml:2:1-33:12
MERGED from [:baseadapter-recyclerview] AndroidManifest.xml:2:1-12:12
MERGED from [com.android.support.constraint:constraint-layout:1.0.2] AndroidManifest.xml:2:1-11:12
MERGED from [com.wuxiaolong.pullloadmorerecyclerview:library:1.1.2] AndroidManifest.xml:2:1-13:12
MERGED from [jp.wasabeef:glide-transformations:2.0.1] AndroidManifest.xml:2:1-12:12
MERGED from [me.imid.swipebacklayout.lib:library:1.0.0] AndroidManifest.xml:2:1-13:12
MERGED from [com.androidadvance:topsnackbar:1.0.0] AndroidManifest.xml:2:1-11:12
MERGED from [de.hdodenhof:circleimageview:2.1.0] AndroidManifest.xml:2:1-11:12
MERGED from [io.reactivex:rxandroid:1.1.0] AndroidManifest.xml:15:1-21:12
MERGED from [com.flyco.tablayout:FlycoTabLayout_Lib:2.0.8] AndroidManifest.xml:2:1-16:12
MERGED from [com.huxq17.xrefreshview:xrefreshview:3.5.5] AndroidManifest.xml:2:1-14:12
MERGED from [com.github.rey5137:material:1.2.4] AndroidManifest.xml:2:1-11:12
MERGED from [com.android.support:cardview-v7:25.0.1] AndroidManifest.xml:17:1-24:12
MERGED from [:jjdxm-ijkplayer] AndroidManifest.xml:2:1-12:12
MERGED from [com.github.devlight.shadowlayout:library:1.0.2] AndroidManifest.xml:14:1-28:12
MERGED from [com.android.support:design:25.0.1] AndroidManifest.xml:17:1-27:12
MERGED from [com.android.support:appcompat-v7:26.0.0-alpha1] AndroidManifest.xml:17:1-31:12
MERGED from [cn.jiguang:jpush:2.2.0] AndroidManifest.xml:2:1-129:12
MERGED from [com.contrarywind:Android-PickerView:3.2.6] AndroidManifest.xml:2:1-11:12
MERGED from [com.android.support:multidex:1.0.2] AndroidManifest.xml:17:1-22:12
MERGED from [com.scwang.smartrefresh:SmartRefreshLayout:1.0.3] AndroidManifest.xml:2:1-17:12
MERGED from [com.squareup.leakcanary:leakcanary-android:1.4-beta2] AndroidManifest.xml:17:1-59:12
MERGED from [com.jakewharton:butterknife:8.8.1] AndroidManifest.xml:2:1-7:12
MERGED from [:vhallsdk2.9.0.2:] AndroidManifest.xml:2:1-18:12
MERGED from [com.github.ctiao:DanmakuFlameMaster:0.6.4] AndroidManifest.xml:17:1-26:12
MERGED from [com.github.ctiao:ndkbitmap-armv7a:0.6.4] AndroidManifest.xml:2:1-13:12
MERGED from [com.github.ctiao:ndkbitmap-armv5:0.6.4] AndroidManifest.xml:2:1-13:12
MERGED from [com.github.ctiao:ndkbitmap-x86:0.6.4] AndroidManifest.xml:2:1-13:12
MERGED from [com.android.support:recyclerview-v7:25.0.1] AndroidManifest.xml:17:1-22:12
MERGED from [com.android.support:transition:25.0.1] AndroidManifest.xml:17:1-24:12
MERGED from [com.android.support:support-v4:26.0.0-alpha1] AndroidManifest.xml:17:1-31:12
MERGED from [com.android.support:animated-vector-drawable:26.0.0-alpha1] AndroidManifest.xml:17:1-28:12
MERGED from [com.android.support:support-vector-drawable:26.0.0-alpha1] AndroidManifest.xml:17:1-28:12
MERGED from [com.android.support:support-media-compat:26.0.0-alpha1] AndroidManifest.xml:17:1-31:12
MERGED from [com.android.support:support-fragment:26.0.0-alpha1] AndroidManifest.xml:17:1-31:12
MERGED from [com.android.support:support-core-utils:26.0.0-alpha1] AndroidManifest.xml:17:1-31:12
MERGED from [com.android.support:support-core-ui:26.0.0-alpha1] AndroidManifest.xml:17:1-31:12
MERGED from [com.android.support:support-compat:26.0.0-alpha1] AndroidManifest.xml:17:1-31:12
MERGED from [tv.danmaku.ijk.media:ijkplayer-java:0.6.0] AndroidManifest.xml:2:1-9:12
MERGED from [com.dou361.ijkplayer-armv7a:jjdxm-ijkplayer-armv7a:1.0.0] AndroidManifest.xml:2:1-12:12
INJECTED from src/main/AndroidManifest.xml:2:1-318:12
INJECTED from src/main/AndroidManifest.xml:2:1-318:12
INJECTED from src/main/AndroidManifest.xml:2:1-318:12
	package
		ADDED from src/main/AndroidManifest.xml:2:11-31
		INJECTED from src/main/AndroidManifest.xml
		INJECTED from src/main/AndroidManifest.xml
	android:versionName
		INJECTED from src/main/AndroidManifest.xml
		ADDED from src/main/AndroidManifest.xml:2:1-318:12
		INJECTED from src/main/AndroidManifest.xml
	android:versionCode
		INJECTED from src/main/AndroidManifest.xml
		ADDED from src/main/AndroidManifest.xml:2:1-318:12
		INJECTED from src/main/AndroidManifest.xml
	xmlns:android
		ADDED from src/main/AndroidManifest.xml:3:11-69
uses-permission#android.permission.BLUETOOTH_ADMIN
ADDED from src/main/AndroidManifest.xml:5:5-73
	android:name
		ADDED from src/main/AndroidManifest.xml:5:22-71
uses-permission#android.permission.READ_EXTERNAL_STORAGE
ADDED from src/main/AndroidManifest.xml:6:5-79
MERGED from [com.zxy.android:recovery:0.1.4] AndroidManifest.xml:12:5-80
MERGED from [com.zxy.android:recovery:0.1.4] AndroidManifest.xml:12:5-80
MERGED from [cn.jiguang:jpush:2.2.0] AndroidManifest.xml:22:5-80
MERGED from [cn.jiguang:jpush:2.2.0] AndroidManifest.xml:22:5-80
MERGED from [com.squareup.leakcanary:leakcanary-android:1.4-beta2] AndroidManifest.xml:25:5-80
MERGED from [com.squareup.leakcanary:leakcanary-android:1.4-beta2] AndroidManifest.xml:25:5-80
	android:name
		ADDED from src/main/AndroidManifest.xml:6:22-77
uses-permission#android.permission.ACCESS_FINE_LOCATION
ADDED from src/main/AndroidManifest.xml:7:5-78
MERGED from [cn.jiguang:jpush:2.2.0] AndroidManifest.xml:32:5-79
MERGED from [cn.jiguang:jpush:2.2.0] AndroidManifest.xml:32:5-79
	android:name
		ADDED from src/main/AndroidManifest.xml:7:22-76
uses-permission#android.permission.ACCESS_COARSE_LOCATION
ADDED from src/main/AndroidManifest.xml:8:5-80
MERGED from [cn.jiguang:jpush:2.2.0] AndroidManifest.xml:30:5-81
MERGED from [cn.jiguang:jpush:2.2.0] AndroidManifest.xml:30:5-81
	android:name
		ADDED from src/main/AndroidManifest.xml:8:22-78
uses-permission#android.permission.SET_DEBUG_APP
ADDED from src/main/AndroidManifest.xml:9:5-71
	android:name
		ADDED from src/main/AndroidManifest.xml:9:22-69
uses-permission#android.permission.GET_ACCOUNTS
ADDED from src/main/AndroidManifest.xml:10:5-70
	android:name
		ADDED from src/main/AndroidManifest.xml:10:22-68
uses-permission#android.permission.WRITE_EXTERNAL_STORAGE
ADDED from src/main/AndroidManifest.xml:11:5-80
MERGED from [:uilibs] AndroidManifest.xml:12:5-81
MERGED from [:uilibs] AndroidManifest.xml:12:5-81
MERGED from [com.zxy.android:recovery:0.1.4] AndroidManifest.xml:13:5-81
MERGED from [com.zxy.android:recovery:0.1.4] AndroidManifest.xml:13:5-81
MERGED from [cn.jiguang:jpush:2.2.0] AndroidManifest.xml:21:5-81
MERGED from [cn.jiguang:jpush:2.2.0] AndroidManifest.xml:21:5-81
MERGED from [com.squareup.leakcanary:leakcanary-android:1.4-beta2] AndroidManifest.xml:26:5-81
MERGED from [com.squareup.leakcanary:leakcanary-android:1.4-beta2] AndroidManifest.xml:26:5-81
	android:name
		ADDED from src/main/AndroidManifest.xml:11:22-78
uses-permission#android.permission.MOUNT_UNMOUNT_FILESYSTEMS
ADDED from src/main/AndroidManifest.xml:12:5-83
MERGED from [cn.jiguang:jpush:2.2.0] AndroidManifest.xml:25:5-84
MERGED from [cn.jiguang:jpush:2.2.0] AndroidManifest.xml:25:5-84
	android:name
		ADDED from src/main/AndroidManifest.xml:12:22-81
uses-permission#android.permission.ACCESS_GPS
ADDED from src/main/AndroidManifest.xml:13:5-68
	android:name
		ADDED from src/main/AndroidManifest.xml:13:22-66
uses-permission#android.permission.AUTHENTICATE_ACCOUNTS
ADDED from src/main/AndroidManifest.xml:14:5-79
	android:name
		ADDED from src/main/AndroidManifest.xml:14:22-77
uses-permission#android.permission.BROADCAST_PACKAGE_ADDED
ADDED from src/main/AndroidManifest.xml:15:5-81
	android:name
		ADDED from src/main/AndroidManifest.xml:15:22-79
uses-permission#android.permission.BROADCAST_PACKAGE_CHANGED
ADDED from src/main/AndroidManifest.xml:16:5-83
	android:name
		ADDED from src/main/AndroidManifest.xml:16:22-81
uses-permission#android.permission.BROADCAST_PACKAGE_INSTALL
ADDED from src/main/AndroidManifest.xml:17:5-83
	android:name
		ADDED from src/main/AndroidManifest.xml:17:22-81
uses-permission#android.permission.BROADCAST_PACKAGE_REPLACED
ADDED from src/main/AndroidManifest.xml:18:5-84
	android:name
		ADDED from src/main/AndroidManifest.xml:18:22-82
uses-permission#android.permission.BROADCAST_STICKY
ADDED from src/main/AndroidManifest.xml:19:5-74
	android:name
		ADDED from src/main/AndroidManifest.xml:19:22-72
uses-permission#android.permission.CAMERA
ADDED from src/main/AndroidManifest.xml:20:5-64
MERGED from [:uilibs] AndroidManifest.xml:11:5-65
MERGED from [:uilibs] AndroidManifest.xml:11:5-65
	android:name
		ADDED from src/main/AndroidManifest.xml:20:22-62
uses-permission#android.permission.CHANGE_NETWORK_STATE
ADDED from src/main/AndroidManifest.xml:21:5-78
MERGED from [cn.jiguang:jpush:2.2.0] AndroidManifest.xml:34:5-79
MERGED from [cn.jiguang:jpush:2.2.0] AndroidManifest.xml:34:5-79
	android:name
		ADDED from src/main/AndroidManifest.xml:21:22-76
uses-permission#android.permission.MANAGE_ACCOUNTS
ADDED from src/main/AndroidManifest.xml:22:5-73
	android:name
		ADDED from src/main/AndroidManifest.xml:22:22-71
uses-permission#android.permission.MODIFY_AUDIO_SETTINGS
ADDED from src/main/AndroidManifest.xml:23:5-79
	android:name
		ADDED from src/main/AndroidManifest.xml:23:22-77
uses-permission#android.permission.PROCESS_OUTGOING_CALLS
ADDED from src/main/AndroidManifest.xml:24:5-80
	android:name
		ADDED from src/main/AndroidManifest.xml:24:22-78
uses-permission#android.permission.READ_CONTACTS
ADDED from src/main/AndroidManifest.xml:25:5-71
	android:name
		ADDED from src/main/AndroidManifest.xml:25:22-69
uses-permission#android.permission.READ_LOGS
ADDED from src/main/AndroidManifest.xml:26:5-67
	android:name
		ADDED from src/main/AndroidManifest.xml:26:22-65
uses-permission#android.permission.RECORD_VIDEO
ADDED from src/main/AndroidManifest.xml:27:5-70
MERGED from [:uilibs] AndroidManifest.xml:14:5-71
MERGED from [:uilibs] AndroidManifest.xml:14:5-71
	android:name
		ADDED from src/main/AndroidManifest.xml:27:22-68
uses-permission#android.permission.READ_SMS
ADDED from src/main/AndroidManifest.xml:28:5-66
	android:name
		ADDED from src/main/AndroidManifest.xml:28:22-64
uses-permission#android.permission.RECEIVE_SMS
ADDED from src/main/AndroidManifest.xml:29:5-69
	android:name
		ADDED from src/main/AndroidManifest.xml:29:22-67
uses-permission#android.permission.RECEIVE_USER_PRESENT
ADDED from src/main/AndroidManifest.xml:30:5-78
MERGED from [cn.jiguang:jpush:2.2.0] AndroidManifest.xml:17:5-79
MERGED from [cn.jiguang:jpush:2.2.0] AndroidManifest.xml:17:5-79
	android:name
		ADDED from src/main/AndroidManifest.xml:30:22-76
uses-permission#android.permission.RECORD_AUDIO
ADDED from src/main/AndroidManifest.xml:31:5-70
MERGED from [:uilibs] AndroidManifest.xml:13:5-71
MERGED from [:uilibs] AndroidManifest.xml:13:5-71
	android:name
		ADDED from src/main/AndroidManifest.xml:31:22-68
uses-permission#android.permission.SEND_SMS
ADDED from src/main/AndroidManifest.xml:32:5-66
	android:name
		ADDED from src/main/AndroidManifest.xml:32:22-64
uses-permission#android.permission.SYSTEM_ALERT_WINDOW
ADDED from src/main/AndroidManifest.xml:33:5-77
	android:name
		ADDED from src/main/AndroidManifest.xml:33:22-75
uses-permission#android.permission.USE_CREDENTIALS
ADDED from src/main/AndroidManifest.xml:34:5-73
	android:name
		ADDED from src/main/AndroidManifest.xml:34:22-71
uses-permission#android.permission.WRITE_SETTINGS
ADDED from src/main/AndroidManifest.xml:35:5-72
MERGED from [:uilibs] AndroidManifest.xml:16:5-73
MERGED from [:uilibs] AndroidManifest.xml:16:5-73
MERGED from [cn.jiguang:jpush:2.2.0] AndroidManifest.xml:23:5-73
MERGED from [cn.jiguang:jpush:2.2.0] AndroidManifest.xml:23:5-73
	android:name
		ADDED from src/main/AndroidManifest.xml:35:22-70
uses-permission#com.ycx.yizhaodaba.permission.JPUSH_MESSAGE
ADDED from src/main/AndroidManifest.xml:36:5-82
	android:name
		ADDED from src/main/AndroidManifest.xml:36:22-80
uses-permission#android.permission.VIBRATE
ADDED from src/main/AndroidManifest.xml:37:5-65
MERGED from [cn.jiguang:jpush:2.2.0] AndroidManifest.xml:24:5-66
MERGED from [cn.jiguang:jpush:2.2.0] AndroidManifest.xml:24:5-66
	android:name
		ADDED from src/main/AndroidManifest.xml:37:22-63
uses-permission#android.permission.ACCESS_LOCATION_EXTRA_COMMANDS
ADDED from src/main/AndroidManifest.xml:38:5-88
MERGED from [cn.jiguang:jpush:2.2.0] AndroidManifest.xml:33:5-89
MERGED from [cn.jiguang:jpush:2.2.0] AndroidManifest.xml:33:5-89
	android:name
		ADDED from src/main/AndroidManifest.xml:38:22-86
uses-permission#android.permission.DISABLE_KEYGUARD
ADDED from src/main/AndroidManifest.xml:39:5-74
	android:name
		ADDED from src/main/AndroidManifest.xml:39:22-72
uses-permission#android.permission.READ_PHONE_STATE
ADDED from src/main/AndroidManifest.xml:40:5-74
MERGED from [:uilibs] AndroidManifest.xml:21:5-75
MERGED from [:uilibs] AndroidManifest.xml:21:5-75
MERGED from [cn.jiguang:jpush:2.2.0] AndroidManifest.xml:20:5-75
MERGED from [cn.jiguang:jpush:2.2.0] AndroidManifest.xml:20:5-75
	android:name
		ADDED from src/main/AndroidManifest.xml:40:22-72
uses-permission#android.permission.RECEIVE_BOOT_COMPLETED
ADDED from src/main/AndroidManifest.xml:41:5-80
	android:name
		ADDED from src/main/AndroidManifest.xml:41:22-78
uses-permission#android.permission.KILL_BACKGROUND_PROCESSES
ADDED from src/main/AndroidManifest.xml:42:5-83
	android:name
		ADDED from src/main/AndroidManifest.xml:42:22-81
uses-permission#android.permission.CALL_PHONE
ADDED from src/main/AndroidManifest.xml:43:5-68
	android:name
		ADDED from src/main/AndroidManifest.xml:43:22-66
uses-permission#com.android.launcher.permission.INSTALL_SHORTCUT
ADDED from src/main/AndroidManifest.xml:44:5-87
	android:name
		ADDED from src/main/AndroidManifest.xml:44:22-85
uses-permission#android.permission.BLUETOOTH
ADDED from src/main/AndroidManifest.xml:45:5-67
	android:name
		ADDED from src/main/AndroidManifest.xml:45:22-65
uses-permission#android.permission.BATTERY_STATS
ADDED from src/main/AndroidManifest.xml:46:5-71
	android:name
		ADDED from src/main/AndroidManifest.xml:46:22-69
uses-permission#android.permission.ACCESS_NETWORK_STATE
ADDED from src/main/AndroidManifest.xml:47:5-78
MERGED from [:uilibs] AndroidManifest.xml:18:5-79
MERGED from [:uilibs] AndroidManifest.xml:18:5-79
MERGED from [cn.jiguang:jpush:2.2.0] AndroidManifest.xml:26:5-79
MERGED from [cn.jiguang:jpush:2.2.0] AndroidManifest.xml:26:5-79
	android:name
		ADDED from src/main/AndroidManifest.xml:47:22-76
uses-permission#android.permission.INTERNET
ADDED from src/main/AndroidManifest.xml:48:5-66
MERGED from [:uilibs] AndroidManifest.xml:15:5-67
MERGED from [:uilibs] AndroidManifest.xml:15:5-67
MERGED from [cn.jiguang:jpush:2.2.0] AndroidManifest.xml:18:5-67
MERGED from [cn.jiguang:jpush:2.2.0] AndroidManifest.xml:18:5-67
	android:name
		ADDED from src/main/AndroidManifest.xml:48:22-64
uses-permission#com.android.launcher.permission.READ_SETTINGS
ADDED from src/main/AndroidManifest.xml:49:5-84
	android:name
		ADDED from src/main/AndroidManifest.xml:49:22-82
uses-permission#android.permission.WAKE_LOCK
ADDED from src/main/AndroidManifest.xml:50:5-67
MERGED from [cn.jiguang:jpush:2.2.0] AndroidManifest.xml:19:5-68
MERGED from [cn.jiguang:jpush:2.2.0] AndroidManifest.xml:19:5-68
	android:name
		ADDED from src/main/AndroidManifest.xml:50:22-65
uses-permission#android.permission.CHANGE_WIFI_STATE
ADDED from src/main/AndroidManifest.xml:51:5-75
MERGED from [cn.jiguang:jpush:2.2.0] AndroidManifest.xml:31:5-76
MERGED from [cn.jiguang:jpush:2.2.0] AndroidManifest.xml:31:5-76
	android:name
		ADDED from src/main/AndroidManifest.xml:51:22-73
uses-permission#android.permission.ACCESS_WIFI_STATE
ADDED from src/main/AndroidManifest.xml:52:5-75
MERGED from [:uilibs] AndroidManifest.xml:17:5-76
MERGED from [:uilibs] AndroidManifest.xml:17:5-76
MERGED from [cn.jiguang:jpush:2.2.0] AndroidManifest.xml:27:5-76
MERGED from [cn.jiguang:jpush:2.2.0] AndroidManifest.xml:27:5-76
	android:name
		ADDED from src/main/AndroidManifest.xml:52:22-73
uses-permission#android.permission.GET_TASKS
ADDED from src/main/AndroidManifest.xml:53:5-67
MERGED from [com.zxy.android:recovery:0.1.4] AndroidManifest.xml:11:5-68
MERGED from [com.zxy.android:recovery:0.1.4] AndroidManifest.xml:11:5-68
	android:name
		ADDED from src/main/AndroidManifest.xml:53:22-65
uses-permission#android.permission.FLASHLIGHT
ADDED from src/main/AndroidManifest.xml:54:5-68
MERGED from [:uilibs] AndroidManifest.xml:19:5-69
MERGED from [:uilibs] AndroidManifest.xml:19:5-69
	android:name
		ADDED from src/main/AndroidManifest.xml:54:22-66
uses-permission#android.permission.CHANGE_WIFI_MULTICAST_STATE
ADDED from src/main/AndroidManifest.xml:55:5-85
MERGED from [:uilibs] AndroidManifest.xml:20:5-86
MERGED from [:uilibs] AndroidManifest.xml:20:5-86
	android:name
		ADDED from src/main/AndroidManifest.xml:55:22-83
uses-feature#android.hardware.camera
ADDED from src/main/AndroidManifest.xml:61:5-59
MERGED from [:uilibs] AndroidManifest.xml:23:5-60
MERGED from [:uilibs] AndroidManifest.xml:23:5-60
	android:name
		ADDED from src/main/AndroidManifest.xml:61:19-57
uses-feature#android.hardware.camera.autofocus
ADDED from src/main/AndroidManifest.xml:62:5-69
MERGED from [:uilibs] AndroidManifest.xml:24:5-70
MERGED from [:uilibs] AndroidManifest.xml:24:5-70
	android:name
		ADDED from src/main/AndroidManifest.xml:62:19-67
application
ADDED from src/main/AndroidManifest.xml:64:5-316:19
MERGED from [:uilibs] AndroidManifest.xml:26:5-39:19
MERGED from [:uilibs] AndroidManifest.xml:26:5-39:19
MERGED from [com.zxy.android:recovery:0.1.4] AndroidManifest.xml:15:5-31:19
MERGED from [com.zxy.android:recovery:0.1.4] AndroidManifest.xml:15:5-31:19
MERGED from [com.android.support.constraint:constraint-layout:1.0.2] AndroidManifest.xml:9:5-20
MERGED from [com.android.support.constraint:constraint-layout:1.0.2] AndroidManifest.xml:9:5-20
MERGED from [com.wuxiaolong.pullloadmorerecyclerview:library:1.1.2] AndroidManifest.xml:11:5-47
MERGED from [com.wuxiaolong.pullloadmorerecyclerview:library:1.1.2] AndroidManifest.xml:11:5-47
MERGED from [me.imid.swipebacklayout.lib:library:1.0.0] AndroidManifest.xml:11:5-20
MERGED from [me.imid.swipebacklayout.lib:library:1.0.0] AndroidManifest.xml:11:5-20
MERGED from [de.hdodenhof:circleimageview:2.1.0] AndroidManifest.xml:9:5-20
MERGED from [de.hdodenhof:circleimageview:2.1.0] AndroidManifest.xml:9:5-20
MERGED from [com.flyco.tablayout:FlycoTabLayout_Lib:2.0.8] AndroidManifest.xml:11:5-14:19
MERGED from [com.flyco.tablayout:FlycoTabLayout_Lib:2.0.8] AndroidManifest.xml:11:5-14:19
MERGED from [com.huxq17.xrefreshview:xrefreshview:3.5.5] AndroidManifest.xml:11:5-12:19
MERGED from [com.huxq17.xrefreshview:xrefreshview:3.5.5] AndroidManifest.xml:11:5-12:19
MERGED from [com.android.support:cardview-v7:25.0.1] AndroidManifest.xml:22:5-20
MERGED from [com.android.support:cardview-v7:25.0.1] AndroidManifest.xml:22:5-20
MERGED from [com.github.devlight.shadowlayout:library:1.0.2] AndroidManifest.xml:23:5-26:38
MERGED from [com.github.devlight.shadowlayout:library:1.0.2] AndroidManifest.xml:23:5-26:38
MERGED from [com.android.support:design:25.0.1] AndroidManifest.xml:25:5-20
MERGED from [com.android.support:design:25.0.1] AndroidManifest.xml:25:5-20
MERGED from [com.android.support:appcompat-v7:26.0.0-alpha1] AndroidManifest.xml:29:5-20
MERGED from [com.android.support:appcompat-v7:26.0.0-alpha1] AndroidManifest.xml:29:5-20
MERGED from [cn.jiguang:jpush:2.2.0] AndroidManifest.xml:36:5-127:19
MERGED from [cn.jiguang:jpush:2.2.0] AndroidManifest.xml:36:5-127:19
MERGED from [com.scwang.smartrefresh:SmartRefreshLayout:1.0.3] AndroidManifest.xml:11:5-15:19
MERGED from [com.scwang.smartrefresh:SmartRefreshLayout:1.0.3] AndroidManifest.xml:11:5-15:19
MERGED from [com.squareup.leakcanary:leakcanary-android:1.4-beta2] AndroidManifest.xml:28:5-57:19
MERGED from [com.squareup.leakcanary:leakcanary-android:1.4-beta2] AndroidManifest.xml:28:5-57:19
MERGED from [:vhallsdk2.9.0.2:] AndroidManifest.xml:11:5-16:19
MERGED from [:vhallsdk2.9.0.2:] AndroidManifest.xml:11:5-16:19
MERGED from [com.github.ctiao:ndkbitmap-armv7a:0.6.4] AndroidManifest.xml:11:5-20
MERGED from [com.github.ctiao:ndkbitmap-armv7a:0.6.4] AndroidManifest.xml:11:5-20
MERGED from [com.github.ctiao:ndkbitmap-armv5:0.6.4] AndroidManifest.xml:11:5-20
MERGED from [com.github.ctiao:ndkbitmap-armv5:0.6.4] AndroidManifest.xml:11:5-20
MERGED from [com.github.ctiao:ndkbitmap-x86:0.6.4] AndroidManifest.xml:11:5-20
MERGED from [com.github.ctiao:ndkbitmap-x86:0.6.4] AndroidManifest.xml:11:5-20
MERGED from [com.android.support:transition:25.0.1] AndroidManifest.xml:22:5-20
MERGED from [com.android.support:transition:25.0.1] AndroidManifest.xml:22:5-20
MERGED from [com.android.support:support-v4:26.0.0-alpha1] AndroidManifest.xml:29:5-20
MERGED from [com.android.support:support-v4:26.0.0-alpha1] AndroidManifest.xml:29:5-20
MERGED from [com.android.support:animated-vector-drawable:26.0.0-alpha1] AndroidManifest.xml:26:5-20
MERGED from [com.android.support:animated-vector-drawable:26.0.0-alpha1] AndroidManifest.xml:26:5-20
MERGED from [com.android.support:support-vector-drawable:26.0.0-alpha1] AndroidManifest.xml:26:5-20
MERGED from [com.android.support:support-vector-drawable:26.0.0-alpha1] AndroidManifest.xml:26:5-20
MERGED from [com.android.support:support-media-compat:26.0.0-alpha1] AndroidManifest.xml:29:5-20
MERGED from [com.android.support:support-media-compat:26.0.0-alpha1] AndroidManifest.xml:29:5-20
MERGED from [com.android.support:support-fragment:26.0.0-alpha1] AndroidManifest.xml:29:5-20
MERGED from [com.android.support:support-fragment:26.0.0-alpha1] AndroidManifest.xml:29:5-20
MERGED from [com.android.support:support-core-utils:26.0.0-alpha1] AndroidManifest.xml:29:5-20
MERGED from [com.android.support:support-core-utils:26.0.0-alpha1] AndroidManifest.xml:29:5-20
MERGED from [com.android.support:support-core-ui:26.0.0-alpha1] AndroidManifest.xml:29:5-20
MERGED from [com.android.support:support-core-ui:26.0.0-alpha1] AndroidManifest.xml:29:5-20
MERGED from [com.android.support:support-compat:26.0.0-alpha1] AndroidManifest.xml:29:5-20
MERGED from [com.android.support:support-compat:26.0.0-alpha1] AndroidManifest.xml:29:5-20
	android:supportsRtl
		ADDED from src/main/AndroidManifest.xml:69:9-35
	android:label
		ADDED from src/main/AndroidManifest.xml:68:9-41
	android:icon
		ADDED from src/main/AndroidManifest.xml:67:9-40
	android:allowBackup
		ADDED from src/main/AndroidManifest.xml:66:9-35
	android:theme
		ADDED from src/main/AndroidManifest.xml:70:9-40
	android:name
		ADDED from src/main/AndroidManifest.xml:65:9-50
activity#com.qmx163.activity.LoginActivity
ADDED from src/main/AndroidManifest.xml:73:9-75:51
	android:screenOrientation
		ADDED from src/main/AndroidManifest.xml:75:13-49
	android:name
		ADDED from src/main/AndroidManifest.xml:74:13-51
activity#com.qmx163.activity.MainActivity
ADDED from src/main/AndroidManifest.xml:76:9-80:51
	android:screenOrientation
		ADDED from src/main/AndroidManifest.xml:80:13-49
	android:launchMode
		ADDED from src/main/AndroidManifest.xml:79:13-44
	android:configChanges
		ADDED from src/main/AndroidManifest.xml:78:13-74
	android:name
		ADDED from src/main/AndroidManifest.xml:77:13-50
activity#com.qmx163.activity.SplashAc
ADDED from src/main/AndroidManifest.xml:81:9-89:20
	android:screenOrientation
		ADDED from src/main/AndroidManifest.xml:83:13-49
	android:name
		ADDED from src/main/AndroidManifest.xml:82:13-46
intent-filter#android.intent.action.MAIN+android.intent.category.LAUNCHER
ADDED from src/main/AndroidManifest.xml:84:13-88:29
action#android.intent.action.MAIN
ADDED from src/main/AndroidManifest.xml:85:17-68
	android:name
		ADDED from src/main/AndroidManifest.xml:85:25-66
category#android.intent.category.LAUNCHER
ADDED from src/main/AndroidManifest.xml:87:17-76
	android:name
		ADDED from src/main/AndroidManifest.xml:87:27-74
activity#com.qmx163.activity.Me.PwdActivity
ADDED from src/main/AndroidManifest.xml:90:9-93:51
	android:screenOrientation
		ADDED from src/main/AndroidManifest.xml:93:13-49
	android:launchMode
		ADDED from src/main/AndroidManifest.xml:92:13-44
	android:name
		ADDED from src/main/AndroidManifest.xml:91:13-52
activity#com.qmx163.activity.Me.CompleteInformationAc
ADDED from src/main/AndroidManifest.xml:94:9-97:51
	android:screenOrientation
		ADDED from src/main/AndroidManifest.xml:97:13-49
	android:launchMode
		ADDED from src/main/AndroidManifest.xml:96:13-44
	android:name
		ADDED from src/main/AndroidManifest.xml:95:13-62
activity#com.qmx163.activity.Found.SearchFound
ADDED from src/main/AndroidManifest.xml:98:9-101:51
	android:screenOrientation
		ADDED from src/main/AndroidManifest.xml:101:13-49
	android:launchMode
		ADDED from src/main/AndroidManifest.xml:100:13-44
	android:name
		ADDED from src/main/AndroidManifest.xml:99:13-55
activity#com.qmx163.activity.Me.MyDateActivity
ADDED from src/main/AndroidManifest.xml:103:9-108:54
	android:screenOrientation
		ADDED from src/main/AndroidManifest.xml:107:13-49
	android:launchMode
		ADDED from src/main/AndroidManifest.xml:106:13-44
	android:windowSoftInputMode
		ADDED from src/main/AndroidManifest.xml:108:13-52
	android:configChanges
		ADDED from src/main/AndroidManifest.xml:105:13-74
	android:name
		ADDED from src/main/AndroidManifest.xml:104:13-55
activity#com.qmx163.activity.Me.MyEnergyActivity
ADDED from src/main/AndroidManifest.xml:110:9-112:51
	android:screenOrientation
		ADDED from src/main/AndroidManifest.xml:112:13-49
	android:name
		ADDED from src/main/AndroidManifest.xml:111:13-57
activity#com.qmx163.activity.Me.MyZXingActivity
ADDED from src/main/AndroidManifest.xml:114:9-116:51
	android:screenOrientation
		ADDED from src/main/AndroidManifest.xml:116:13-49
	android:name
		ADDED from src/main/AndroidManifest.xml:115:13-56
activity#com.qmx163.activity.Me.AboutUsActivity
ADDED from src/main/AndroidManifest.xml:118:9-120:51
	android:screenOrientation
		ADDED from src/main/AndroidManifest.xml:120:13-49
	android:name
		ADDED from src/main/AndroidManifest.xml:119:13-56
activity#com.qmx163.activity.Me.FeedbackActivity
ADDED from src/main/AndroidManifest.xml:122:9-125:67
	android:screenOrientation
		ADDED from src/main/AndroidManifest.xml:124:13-49
	android:windowSoftInputMode
		ADDED from src/main/AndroidManifest.xml:125:9-63
	android:name
		ADDED from src/main/AndroidManifest.xml:123:13-57
activity#com.qmx163.activity.Me.MySettingActivity
ADDED from src/main/AndroidManifest.xml:127:9-129:51
	android:screenOrientation
		ADDED from src/main/AndroidManifest.xml:129:13-49
	android:name
		ADDED from src/main/AndroidManifest.xml:128:13-58
activity#com.qmx163.activity.Me.CaptureActivity
ADDED from src/main/AndroidManifest.xml:131:9-134:51
	android:screenOrientation
		ADDED from src/main/AndroidManifest.xml:134:13-49
	android:launchMode
		ADDED from src/main/AndroidManifest.xml:133:13-44
	android:name
		ADDED from src/main/AndroidManifest.xml:132:13-56
activity#com.qmx163.activity.Me.AccompanyStudyActivity
ADDED from src/main/AndroidManifest.xml:136:9-139:51
	android:screenOrientation
		ADDED from src/main/AndroidManifest.xml:139:13-49
	android:launchMode
		ADDED from src/main/AndroidManifest.xml:138:13-44
	android:name
		ADDED from src/main/AndroidManifest.xml:137:13-63
activity#com.qmx163.activity.Me.CheckRelationActivity
ADDED from src/main/AndroidManifest.xml:141:9-143:51
	android:screenOrientation
		ADDED from src/main/AndroidManifest.xml:143:13-49
	android:name
		ADDED from src/main/AndroidManifest.xml:142:13-62
activity#com.qmx163.activity.Me.SignActivity
ADDED from src/main/AndroidManifest.xml:145:9-149:74
	android:screenOrientation
		ADDED from src/main/AndroidManifest.xml:148:13-49
	android:launchMode
		ADDED from src/main/AndroidManifest.xml:147:13-44
	android:theme
		ADDED from src/main/AndroidManifest.xml:149:13-72
	android:name
		ADDED from src/main/AndroidManifest.xml:146:13-53
activity#com.qmx163.activity.Me.MyDataItemActivity
ADDED from src/main/AndroidManifest.xml:151:9-154:51
	android:screenOrientation
		ADDED from src/main/AndroidManifest.xml:154:13-49
	android:launchMode
		ADDED from src/main/AndroidManifest.xml:153:13-44
	android:name
		ADDED from src/main/AndroidManifest.xml:152:13-59
activity#com.qmx163.activity.Message.MsgListActivity
ADDED from src/main/AndroidManifest.xml:158:9-161:51
	android:screenOrientation
		ADDED from src/main/AndroidManifest.xml:161:13-49
	android:launchMode
		ADDED from src/main/AndroidManifest.xml:160:13-44
	android:name
		ADDED from src/main/AndroidManifest.xml:159:13-61
activity#com.qmx163.activity.FocusOn.DetailsActivity
ADDED from src/main/AndroidManifest.xml:164:9-166:51
	android:screenOrientation
		ADDED from src/main/AndroidManifest.xml:166:13-49
	android:name
		ADDED from src/main/AndroidManifest.xml:165:13-61
activity#com.qmx163.activity.watch.broadcast.BroadcastActivity
ADDED from src/main/AndroidManifest.xml:167:9-171:52
	android:screenOrientation
		ADDED from src/main/AndroidManifest.xml:171:13-50
	android:label
		ADDED from src/main/AndroidManifest.xml:170:13-45
	android:configChanges
		ADDED from src/main/AndroidManifest.xml:169:13-74
	android:name
		ADDED from src/main/AndroidManifest.xml:168:13-71
activity#com.qmx163.activity.watch.WatchActivity
ADDED from src/main/AndroidManifest.xml:172:9-176:51
	android:screenOrientation
		ADDED from src/main/AndroidManifest.xml:176:13-49
	android:label
		ADDED from src/main/AndroidManifest.xml:175:13-45
	android:configChanges
		ADDED from src/main/AndroidManifest.xml:174:13-74
	android:name
		ADDED from src/main/AndroidManifest.xml:173:13-57
activity#com.qmx163.activity.StudyToday.StudyDetailActivity
ADDED from src/main/AndroidManifest.xml:179:9-181:51
	android:screenOrientation
		ADDED from src/main/AndroidManifest.xml:181:13-49
	android:name
		ADDED from src/main/AndroidManifest.xml:180:13-68
activity#com.qmx163.activity.Message.MessageActivity